<?xml version="1.0" encoding="UTF-8"?>
<testng-results skipped="0" failed="0" ignored="0" total="1" passed="1">
  <reporter-output>
  </reporter-output>
  <suite name="Default suite" duration-ms="86" started-at="2020-07-22T06:11:04Z" finished-at="2020-07-22T06:11:04Z">
    <groups>
    </groups>
    <test name="Default test" duration-ms="86" started-at="2020-07-22T06:11:04Z" finished-at="2020-07-22T06:11:04Z">
      <class name="dockerhub.StartDocker">
        <test-method status="PASS" signature="startDockerFile()[pri:0, instance:dockerhub.StartDocker@6767c1fc]" name="startDockerFile" duration-ms="67" started-at="2020-07-22T06:11:04Z" finished-at="2020-07-22T06:11:04Z">
          <reporter-output>
          </reporter-output>
        </test-method> <!-- startDockerFile -->
      </class> <!-- dockerhub.StartDocker -->
    </test> <!-- Default test -->
  </suite> <!-- Default suite -->
</testng-results>
